[KITTY] TERM=xterm-kitty
[KITTY] Detected Kitty via TERM
[DEBUG] ✅ Kitty graphics protocol detected - PERFECT!
[INFO] A/B Comparison Mode:
[INFO] Left pane: lopdf-vello-kitty rendering
[INFO] Right pane: pdftotext extraction
[DEBUG] load_pdf called with: /Users/jack/Desktop/BERF-CERT.pdf
[DEBUG] Checking if path exists: true
[DEBUG] Path exists, calling renderer.load_pdf
[INFO] Left pane: lopdf-vello-kitty rendering
[INFO] Right pane: pdftotext extraction
[DEBUG] A-B Comparison: Loading PDF "/Users/jack/Desktop/BERF-CERT.pdf"
[DEBUG] Getting page count...
[DEBUG] Page count: 1
[DEBUG] Rendering PDF with Vello GPU acceleration...
[DEBUG] PDF page rendered
[DEBUG] Creating analyzer...
[DEBUG] Analyzing page...
[WARNING] Analysis failed: A required dictionary key was not found, using defaults
[DEBUG] Running pdftotext with layout preservation...
[DEBUG] pdftotext extracted 0 characters
[DEBUG] Extraction complete using method: PdfToText, quality: 0.80
[DEBUG] PDF loaded successfully: /Users/jack/Desktop/BERF-CERT.pdf
[DEBUG] load_pdf complete, needs_redraw set
Error: Device not configured (os error 6)
[KITTY] TERM=xterm-kitty
[KITTY] Detected Kitty via TERM
[DEBUG] ✅ Kitty graphics protocol detected - PERFECT!
[INFO] A/B Comparison Mode:
[INFO] Left pane: lopdf-vello-kitty rendering
[INFO] Right pane: pdftotext extraction
[DEBUG] load_pdf called with: /Users/jack/Desktop/BERF-CERT.pdf
[DEBUG] Checking if path exists: true
[DEBUG] Path exists, calling renderer.load_pdf
[INFO] Left pane: lopdf-vello-kitty rendering
[INFO] Right pane: pdftotext extraction
[DEBUG] A-B Comparison: Loading PDF "/Users/jack/Desktop/BERF-CERT.pdf"
[DEBUG] Getting page count...
[DEBUG] Page count: 1
[DEBUG] Rendering PDF with Vello GPU acceleration...
[DEBUG] PDF page rendered
[DEBUG] Creating analyzer...
[DEBUG] Analyzing page...
[WARNING] Analysis failed: A required dictionary key was not found, using defaults
[DEBUG] Running pdftotext with layout preservation...
[DEBUG] pdftotext extracted 0 characters
[DEBUG] Extraction complete using method: PdfToText, quality: 0.80
[DEBUG] PDF loaded successfully: /Users/jack/Desktop/BERF-CERT.pdf
[DEBUG] load_pdf complete, needs_redraw set
Error: Device not configured (os error 6)
